#
# There is insufficient memory for the Java Runtime Environment to continue.
# Native memory allocation (malloc) failed to allocate 32744 bytes for ChunkPool::allocate
# Possible reasons:
#   The system is out of physical RAM or swap space
#   In 32 bit mode, the process size limit was hit
# Possible solutions:
#   Reduce memory load on the system
#   Increase physical memory or swap space
#   Check if swap backing store is full
#   Use 64 bit Java on a 64 bit OS
#   Decrease Java heap size (-Xmx/-Xms)
#   Decrease number of Java threads
#   Decrease Java thread stack sizes (-Xss)
#   Set larger code cache with -XX:ReservedCodeCacheSize=
# This output file may be truncated or incomplete.
#
#  Out of Memory Error (allocation.cpp:273), pid=6392, tid=0x00000000000002e4
#
# JRE version: Java(TM) SE Runtime Environment (8.0_111-b14) (build 1.8.0_111-b14)
# Java VM: Java HotSpot(TM) 64-Bit Server VM (25.111-b14 mixed mode windows-amd64 compressed oops)
# Failed to write core dump. Minidumps are not enabled by default on client versions of Windows
#

---------------  T H R E A D  ---------------

Current thread (0x0000000017bf1800):  JavaThread "C1 CompilerThread2" daemon [_thread_in_native, id=740, stack(0x0000000017f70000,0x0000000018070000)]

Stack: [0x0000000017f70000,0x0000000018070000]
[error occurred during error reporting (printing stack bounds), id 0xc0000005]

Native frames: (J=compiled Java code, j=interpreted, Vv=VM code, C=native code)


Current CompileTask:
C1:   4028 1801       1       org.springframework.asm.ClassReader::readCode (5085 bytes)


---------------  P R O C E S S  ---------------

Java Threads: ( => current thread )
  0x0000000016332000 JavaThread "restartedMain" [_thread_in_Java, id=6332, stack(0x00000000199f0000,0x0000000019af0000)]
  0x000000001864f000 JavaThread "Thread-2" [_thread_blocked, id=4576, stack(0x00000000198f0000,0x00000000199f0000)]
  0x0000000018509000 JavaThread "RMI TCP Connection(2)-127.0.0.1" daemon [_thread_in_native, id=5620, stack(0x00000000196f0000,0x00000000197f0000)]
  0x0000000018501800 JavaThread "RMI Scheduler(0)" daemon [_thread_blocked, id=6860, stack(0x00000000195f0000,0x00000000196f0000)]
  0x00000000182e3000 JavaThread "RMI TCP Connection(1)-127.0.0.1" daemon [_thread_in_native, id=6396, stack(0x00000000192f0000,0x00000000193f0000)]
  0x00000000182a0800 JavaThread "RMI TCP Accept-0" daemon [_thread_in_native, id=6712, stack(0x0000000018eb0000,0x0000000018fb0000)]
  0x0000000018286000 JavaThread "RMI TCP Accept-53943" daemon [_thread_in_native, id=4504, stack(0x0000000018db0000,0x0000000018eb0000)]
  0x000000001827f800 JavaThread "RMI TCP Accept-0" daemon [_thread_in_native, id=8516, stack(0x0000000018cb0000,0x0000000018db0000)]
  0x0000000017c22000 JavaThread "Service Thread" daemon [_thread_blocked, id=5192, stack(0x0000000018070000,0x0000000018170000)]
=>0x0000000017bf1800 JavaThread "C1 CompilerThread2" daemon [_thread_in_native, id=740, stack(0x0000000017f70000,0x0000000018070000)]
  0x0000000017ba6800 JavaThread "C2 CompilerThread1" daemon [_thread_blocked, id=8100, stack(0x0000000017e70000,0x0000000017f70000)]
  0x0000000017ba6000 JavaThread "C2 CompilerThread0" daemon [_thread_blocked, id=8084, stack(0x0000000017d70000,0x0000000017e70000)]
  0x0000000017ba2800 JavaThread "Monitor Ctrl-Break" daemon [_thread_in_native, id=7640, stack(0x0000000017c70000,0x0000000017d70000)]
  0x0000000016316000 JavaThread "Attach Listener" daemon [_thread_blocked, id=5084, stack(0x0000000017770000,0x0000000017870000)]
  0x0000000016314800 JavaThread "Signal Dispatcher" daemon [_thread_blocked, id=4960, stack(0x0000000017670000,0x0000000017770000)]
  0x00000000162fa800 JavaThread "Finalizer" daemon [_thread_blocked, id=1644, stack(0x0000000017570000,0x0000000017670000)]
  0x0000000003373800 JavaThread "Reference Handler" daemon [_thread_blocked, id=8164, stack(0x0000000017470000,0x0000000017570000)]
  0x0000000003286000 JavaThread "main" [_thread_blocked, id=4596, stack(0x0000000002f80000,0x0000000003080000)]

Other Threads:
  0x00000000162d6800 VMThread [stack: 0x0000000017370000,0x0000000017470000] [id=4368]
  0x00000000182dd800 WatcherThread [stack: 0x00000000190f0000,0x00000000191f0000] [id=5300]

VM state:not at safepoint (normal execution)

VM Mutex/Monitor currently owned by a thread: None

Heap:
 PSYoungGen      total 45056K, used 30523K [0x00000000e5b00000, 0x00000000e8a00000, 0x0000000100000000)
  eden space 41984K, 65% used [0x00000000e5b00000,0x00000000e75d4f78,0x00000000e8400000)
  from space 3072K, 99% used [0x00000000e8400000,0x00000000e86f9d18,0x00000000e8700000)
  to   space 3072K, 0% used [0x00000000e8700000,0x00000000e8700000,0x00000000e8a00000)
 ParOldGen       total 34304K, used 7137K [0x00000000b1000000, 0x00000000b3180000, 0x00000000e5b00000)
  object space 34304K, 20% used [0x00000000b1000000,0x00000000b16f87b8,0x00000000b3180000)
 Metaspace       used 22195K, capacity 22876K, committed 22912K, reserved 1071104K
  class space    used 2970K, capacity 3184K, committed 3200K, reserved 1048576K

Card table byte_map: [0x0000000012740000,0x00000000129c0000] byte_map_base: 0x00000000121b8000

Marking Bits: (ParMarkBitMap*) 0x0000000068b3a6c0
 Begin Bits: [0x0000000012f70000, 0x0000000014330000)
 End Bits:   [0x0000000014330000, 0x00000000156f0000)

Polling page: 0x0000000001100000

CodeCache: size=245760Kb used=4051Kb max_used=4051Kb free=241708Kb
 bounds [0x0000000003380000, 0x0000000003780000, 0x0000000012380000]
 total_blobs=2198 nmethods=1798 adapters=313
 compilation: enabled

Compilation events (10 events):
Event: 4.000 Thread 0x0000000017bf1800 nmethod 1793 0x0000000003771f10 code [0x0000000003772080, 0x00000000037723f8]
Event: 4.000 Thread 0x0000000017bf1800 1795       1       sun.reflect.annotation.AnnotationParser::parseStringArray (85 bytes)
Event: 4.001 Thread 0x0000000017bf1800 nmethod 1795 0x0000000003772590 code [0x0000000003772760, 0x0000000003772d98]
Event: 4.001 Thread 0x0000000017bf1800 1796       1       java.io.FilterInputStream::read (11 bytes)
Event: 4.001 Thread 0x0000000017bf1800 nmethod 1796 0x0000000003773290 code [0x00000000037733e0, 0x0000000003773528]
Event: 4.001 Thread 0x0000000017bf1800 1797       1       java.util.HashSet::isEmpty (8 bytes)
Event: 4.002 Thread 0x0000000017bf1800 nmethod 1797 0x0000000003773590 code [0x00000000037736e0, 0x0000000003773810]
Event: 4.002 Thread 0x0000000017bf1800 1798   !   1       java.lang.reflect.Proxy::newProxyInstance (174 bytes)
Event: 4.003 Thread 0x0000000017bf1800 nmethod 1798 0x0000000003773890 code [0x0000000003773b20, 0x00000000037744d8]
Event: 4.003 Thread 0x0000000017bf1800 1801       1       org.springframework.asm.ClassReader::readCode (5085 bytes)

GC Heap History (10 events):
Event: 2.335 GC heap before
{Heap before GC invocations=4 (full 0):
 PSYoungGen      total 24064K, used 23718K [0x00000000e5b00000, 0x00000000e8a00000, 0x0000000100000000)
  eden space 20992K, 100% used [0x00000000e5b00000,0x00000000e6f80000,0x00000000e6f80000)
  from space 3072K, 88% used [0x00000000e6f80000,0x00000000e7229958,0x00000000e7280000)
  to   space 3072K, 0% used [0x00000000e8700000,0x00000000e8700000,0x00000000e8a00000)
 ParOldGen       total 54784K, used 742K [0x00000000b1000000, 0x00000000b4580000, 0x00000000e5b00000)
  object space 54784K, 1% used [0x00000000b1000000,0x00000000b10b9930,0x00000000b4580000)
 Metaspace       used 12701K, capacity 13076K, committed 13312K, reserved 1060864K
  class space    used 1572K, capacity 1690K, committed 1792K, reserved 1048576K
Event: 2.349 GC heap after
Heap after GC invocations=4 (full 0):
 PSYoungGen      total 45056K, used 3062K [0x00000000e5b00000, 0x00000000e8a00000, 0x0000000100000000)
  eden space 41984K, 0% used [0x00000000e5b00000,0x00000000e5b00000,0x00000000e8400000)
  from space 3072K, 99% used [0x00000000e8700000,0x00000000e89fd868,0x00000000e8a00000)
  to   space 3072K, 0% used [0x00000000e8400000,0x00000000e8400000,0x00000000e8700000)
 ParOldGen       total 54784K, used 2708K [0x00000000b1000000, 0x00000000b4580000, 0x00000000e5b00000)
  object space 54784K, 4% used [0x00000000b1000000,0x00000000b12a5060,0x00000000b4580000)
 Metaspace       used 12701K, capacity 13076K, committed 13312K, reserved 1060864K
  class space    used 1572K, capacity 1690K, committed 1792K, reserved 1048576K
}
Event: 2.904 GC heap before
{Heap before GC invocations=5 (full 0):
 PSYoungGen      total 45056K, used 45046K [0x00000000e5b00000, 0x00000000e8a00000, 0x0000000100000000)
  eden space 41984K, 100% used [0x00000000e5b00000,0x00000000e8400000,0x00000000e8400000)
  from space 3072K, 99% used [0x00000000e8700000,0x00000000e89fd868,0x00000000e8a00000)
  to   space 3072K, 0% used [0x00000000e8400000,0x00000000e8400000,0x00000000e8700000)
 ParOldGen       total 54784K, used 2716K [0x00000000b1000000, 0x00000000b4580000, 0x00000000e5b00000)
  object space 54784K, 4% used [0x00000000b1000000,0x00000000b12a7008,0x00000000b4580000)
 Metaspace       used 15602K, capacity 16036K, committed 16128K, reserved 1062912K
  class space    used 2114K, capacity 2257K, committed 2304K, reserved 1048576K
Event: 2.919 GC heap after
Heap after GC invocations=5 (full 0):
 PSYoungGen      total 45056K, used 3040K [0x00000000e5b00000, 0x00000000e8a00000, 0x0000000100000000)
  eden space 41984K, 0% used [0x00000000e5b00000,0x00000000e5b00000,0x00000000e8400000)
  from space 3072K, 98% used [0x00000000e8400000,0x00000000e86f8060,0x00000000e8700000)
  to   space 3072K, 0% used [0x00000000e8700000,0x00000000e8700000,0x00000000e8a00000)
 ParOldGen       total 54784K, used 6046K [0x00000000b1000000, 0x00000000b4580000, 0x00000000e5b00000)
  object space 54784K, 11% used [0x00000000b1000000,0x00000000b15e7a58,0x00000000b4580000)
 Metaspace       used 15602K, capacity 16036K, committed 16128K, reserved 1062912K
  class space    used 2114K, capacity 2257K, committed 2304K, reserved 1048576K
}
Event: 3.068 GC heap before
{Heap before GC invocations=6 (full 0):
 PSYoungGen      total 45056K, used 16228K [0x00000000e5b00000, 0x00000000e8a00000, 0x0000000100000000)
  eden space 41984K, 31% used [0x00000000e5b00000,0x00000000e67e1088,0x00000000e8400000)
  from space 3072K, 98% used [0x00000000e8400000,0x00000000e86f8060,0x00000000e8700000)
  to   space 3072K, 0% used [0x00000000e8700000,0x00000000e8700000,0x00000000e8a00000)
 ParOldGen       total 54784K, used 6046K [0x00000000b1000000, 0x00000000b4580000, 0x00000000e5b00000)
  object space 54784K, 11% used [0x00000000b1000000,0x00000000b15e7a58,0x00000000b4580000)
 Metaspace       used 16484K, capacity 16962K, committed 17024K, reserved 1069056K
  class space    used 2244K, capacity 2394K, committed 2432K, reserved 1048576K
Event: 3.078 GC heap after
Heap after GC invocations=6 (full 0):
 PSYoungGen      total 45056K, used 3040K [0x00000000e5b00000, 0x00000000e8a00000, 0x0000000100000000)
  eden space 41984K, 0% used [0x00000000e5b00000,0x00000000e5b00000,0x00000000e8400000)
  from space 3072K, 98% used [0x00000000e8700000,0x00000000e89f8028,0x00000000e8a00000)
  to   space 3072K, 0% used [0x00000000e8400000,0x00000000e8400000,0x00000000e8700000)
 ParOldGen       total 54784K, used 7225K [0x00000000b1000000, 0x00000000b4580000, 0x00000000e5b00000)
  object space 54784K, 13% used [0x00000000b1000000,0x00000000b170e628,0x00000000b4580000)
 Metaspace       used 16484K, capacity 16962K, committed 17024K, reserved 1069056K
  class space    used 2244K, capacity 2394K, committed 2432K, reserved 1048576K
}
Event: 3.078 GC heap before
{Heap before GC invocations=7 (full 1):
 PSYoungGen      total 45056K, used 3040K [0x00000000e5b00000, 0x00000000e8a00000, 0x0000000100000000)
  eden space 41984K, 0% used [0x00000000e5b00000,0x00000000e5b00000,0x00000000e8400000)
  from space 3072K, 98% used [0x00000000e8700000,0x00000000e89f8028,0x00000000e8a00000)
  to   space 3072K, 0% used [0x00000000e8400000,0x00000000e8400000,0x00000000e8700000)
 ParOldGen       total 54784K, used 7225K [0x00000000b1000000, 0x00000000b4580000, 0x00000000e5b00000)
  object space 54784K, 13% used [0x00000000b1000000,0x00000000b170e628,0x00000000b4580000)
 Metaspace       used 16484K, capacity 16962K, committed 17024K, reserved 1069056K
  class space    used 2244K, capacity 2394K, committed 2432K, reserved 1048576K
Event: 3.147 GC heap after
Heap after GC invocations=7 (full 1):
 PSYoungGen      total 45056K, used 0K [0x00000000e5b00000, 0x00000000e8a00000, 0x0000000100000000)
  eden space 41984K, 0% used [0x00000000e5b00000,0x00000000e5b00000,0x00000000e8400000)
  from space 3072K, 0% used [0x00000000e8700000,0x00000000e8700000,0x00000000e8a00000)
  to   space 3072K, 0% used [0x00000000e8400000,0x00000000e8400000,0x00000000e8700000)
 ParOldGen       total 34304K, used 5446K [0x00000000b1000000, 0x00000000b3180000, 0x00000000e5b00000)
  object space 34304K, 15% used [0x00000000b1000000,0x00000000b1551a18,0x00000000b3180000)
 Metaspace       used 16482K, capacity 16956K, committed 17024K, reserved 1067008K
  class space    used 2243K, capacity 2393K, committed 2432K, reserved 1048576K
}
Event: 3.705 GC heap before
{Heap before GC invocations=8 (full 1):
 PSYoungGen      total 45056K, used 41984K [0x00000000e5b00000, 0x00000000e8a00000, 0x0000000100000000)
  eden space 41984K, 100% used [0x00000000e5b00000,0x00000000e8400000,0x00000000e8400000)
  from space 3072K, 0% used [0x00000000e8700000,0x00000000e8700000,0x00000000e8a00000)
  to   space 3072K, 0% used [0x00000000e8400000,0x00000000e8400000,0x00000000e8700000)
 ParOldGen       total 34304K, used 5446K [0x00000000b1000000, 0x00000000b3180000, 0x00000000e5b00000)
  object space 34304K, 15% used [0x00000000b1000000,0x00000000b1551a18,0x00000000b3180000)
 Metaspace       used 20513K, capacity 21114K, committed 21376K, reserved 1069056K
  class space    used 2758K, capacity 2922K, committed 2944K, reserved 1048576K
Event: 3.714 GC heap after
Heap after GC invocations=8 (full 1):
 PSYoungGen      total 45056K, used 3047K [0x00000000e5b00000, 0x00000000e8a00000, 0x0000000100000000)
  eden space 41984K, 0% used [0x00000000e5b00000,0x00000000e5b00000,0x00000000e8400000)
  from space 3072K, 99% used [0x00000000e8400000,0x00000000e86f9d18,0x00000000e8700000)
  to   space 3072K, 0% used [0x00000000e8700000,0x00000000e8700000,0x00000000e8a00000)
 ParOldGen       total 34304K, used 7137K [0x00000000b1000000, 0x00000000b3180000, 0x00000000e5b00000)
  object space 34304K, 20% used [0x00000000b1000000,0x00000000b16f87b8,0x00000000b3180000)
 Metaspace       used 20513K, capacity 21114K, committed 21376K, reserved 1069056K
  class space    used 2758K, capacity 2922K, committed 2944K, reserved 1048576K
}

Deoptimization events (0 events):
No events

Internal exceptions (10 events):
Event: 3.405 Thread 0x0000000016332000 Exception <a 'java/lang/ClassNotFoundException': org/springframework/context/ResourceLoaderAwareCustomizer> (0x00000000e6bb8070) thrown at [C:\re\workspace\8-2-build-windows-amd64-cygwin\jdk8u111\7883\hotspot\src\share\vm\classfile\systemDictionary.cpp, l
Event: 3.407 Thread 0x0000000016332000 Exception <a 'java/lang/ClassNotFoundException': org/springframework/beans/factory/AwareCustomizer> (0x00000000e6bcc1f0) thrown at [C:\re\workspace\8-2-build-windows-amd64-cygwin\jdk8u111\7883\hotspot\src\share\vm\classfile\systemDictionary.cpp, line 210]
Event: 3.408 Thread 0x0000000016332000 Exception <a 'java/lang/ClassNotFoundException': org/springframework/beans/factory/BeanClassLoaderAwareCustomizer> (0x00000000e6c3f310) thrown at [C:\re\workspace\8-2-build-windows-amd64-cygwin\jdk8u111\7883\hotspot\src\share\vm\classfile\systemDictionary
Event: 3.410 Thread 0x0000000016332000 Exception <a 'java/lang/ClassNotFoundException': org/springframework/beans/factory/AwareCustomizer> (0x00000000e6c534a8) thrown at [C:\re\workspace\8-2-build-windows-amd64-cygwin\jdk8u111\7883\hotspot\src\share\vm\classfile\systemDictionary.cpp, line 210]
Event: 3.411 Thread 0x0000000016332000 Exception <a 'java/lang/ClassNotFoundException': org/springframework/context/EnvironmentAwareCustomizer> (0x00000000e6c678b8) thrown at [C:\re\workspace\8-2-build-windows-amd64-cygwin\jdk8u111\7883\hotspot\src\share\vm\classfile\systemDictionary.cpp, line
Event: 3.412 Thread 0x0000000016332000 Exception <a 'java/lang/ClassNotFoundException': org/springframework/beans/factory/AwareCustomizer> (0x00000000e6c7b930) thrown at [C:\re\workspace\8-2-build-windows-amd64-cygwin\jdk8u111\7883\hotspot\src\share\vm\classfile\systemDictionary.cpp, line 210]
Event: 3.506 Thread 0x0000000016332000 Exception <a 'java/lang/NoSuchMethodError': java.lang.Object.lambda$comparing$77a9974f$1(Ljava/util/function/Function;Ljava/lang/Object;Ljava/lang/Object;)I> (0x00000000e7127be8) thrown at [C:\re\workspace\8-2-build-windows-amd64-cygwin\jdk8u111\7883\hots
Event: 3.662 Thread 0x0000000018778800 Exception <a 'java/lang/IncompatibleClassChangeError': Found class java.lang.Object, but interface was expected> (0x00000000e7e8a6e8) thrown at [C:\re\workspace\8-2-build-windows-amd64-cygwin\jdk8u111\7883\hotspot\src\share\vm\interpreter\linkResolver.cpp
Event: 3.792 Thread 0x0000000016332000 Exception <a 'java/lang/IncompatibleClassChangeError': Found class java.lang.Object, but interface was expected> (0x00000000e62e3c38) thrown at [C:\re\workspace\8-2-build-windows-amd64-cygwin\jdk8u111\7883\hotspot\src\share\vm\interpreter\linkResolver.cpp
Event: 3.915 Thread 0x0000000018509000 Exception <a 'java/lang/reflect/InvocationTargetException'> (0x00000000e6b27008) thrown at [C:\re\workspace\8-2-build-windows-amd64-cygwin\jdk8u111\7883\hotspot\src\share\vm\runtime\reflection.cpp, line 1092]

Events (10 events):
Event: 3.991 loading class org/springframework/boot/autoconfigure/BackgroundPreinitializer$CharsetInitializer done
Event: 3.992 Thread 0x0000000018778800 Thread exited: 0x0000000018778800
Event: 3.998 loading class org/springframework/boot/autoconfigure/web/ConditionalOnEnabledResourceChain
Event: 3.998 loading class org/springframework/boot/autoconfigure/web/ConditionalOnEnabledResourceChain done
Event: 3.999 loading class org/springframework/boot/autoconfigure/web/OnEnabledResourceChainCondition
Event: 3.999 loading class org/springframework/boot/autoconfigure/web/OnEnabledResourceChainCondition done
Event: 4.014 loading class org/springframework/beans/factory/annotation/Autowired
Event: 4.014 loading class org/springframework/beans/factory/annotation/Autowired done
Event: 4.015 loading class javax/annotation/Nonnull
Event: 4.015 loading class javax/annotation/Nonnull done


Dynamic libraries:
0x00007ff7f7390000 - 0x00007ff7f73c7000 	C:\Program Files\Java\jdk1.8.0_111\bin\java.exe
0x00007ffc52900000 - 0x00007ffc52ae1000 	C:\WINDOWS\SYSTEM32\ntdll.dll
0x00007ffc50250000 - 0x00007ffc50302000 	C:\WINDOWS\System32\KERNEL32.DLL
0x00007ffc4f860000 - 0x00007ffc4fad3000 	C:\WINDOWS\System32\KERNELBASE.dll
0x00007ffc50470000 - 0x00007ffc50511000 	C:\WINDOWS\System32\ADVAPI32.dll
0x00007ffc508b0000 - 0x00007ffc5094e000 	C:\WINDOWS\System32\msvcrt.dll
0x00007ffc50410000 - 0x00007ffc5046b000 	C:\WINDOWS\System32\sechost.dll
0x00007ffc50e00000 - 0x00007ffc50f24000 	C:\WINDOWS\System32\RPCRT4.dll
0x00007ffc50f60000 - 0x00007ffc510f0000 	C:\WINDOWS\System32\USER32.dll
0x00007ffc4fd70000 - 0x00007ffc4fd90000 	C:\WINDOWS\System32\win32u.dll
0x00007ffc50f30000 - 0x00007ffc50f58000 	C:\WINDOWS\System32\GDI32.dll
0x00007ffc4f6c0000 - 0x00007ffc4f852000 	C:\WINDOWS\System32\gdi32full.dll
0x00007ffc4fcd0000 - 0x00007ffc4fd6f000 	C:\WINDOWS\System32\msvcp_win.dll
0x00007ffc4f5c0000 - 0x00007ffc4f6ba000 	C:\WINDOWS\System32\ucrtbase.dll
0x00007ffc432a0000 - 0x00007ffc43509000 	C:\WINDOWS\WinSxS\amd64_microsoft.windows.common-controls_6595b64144ccf1df_6.0.17134.523_none_fb409dd930672a56\COMCTL32.dll
0x00007ffc510f0000 - 0x00007ffc51412000 	C:\WINDOWS\System32\combase.dll
0x00007ffc4f4f0000 - 0x00007ffc4f56a000 	C:\WINDOWS\System32\bcryptPrimitives.dll
0x00007ffc50760000 - 0x00007ffc5078d000 	C:\WINDOWS\System32\IMM32.DLL
0x0000000068bc0000 - 0x0000000068c92000 	C:\Program Files\Java\jdk1.8.0_111\jre\bin\msvcr100.dll
0x0000000068320000 - 0x0000000068bba000 	C:\Program Files\Java\jdk1.8.0_111\jre\bin\server\jvm.dll
0x00007ffc505d0000 - 0x00007ffc505d8000 	C:\WINDOWS\System32\PSAPI.DLL
0x00007ffc4b570000 - 0x00007ffc4b579000 	C:\WINDOWS\SYSTEM32\WSOCK32.dll
0x00007ffc4cca0000 - 0x00007ffc4ccc3000 	C:\WINDOWS\SYSTEM32\WINMM.dll
0x00007ffc4a260000 - 0x00007ffc4a26a000 	C:\WINDOWS\SYSTEM32\VERSION.dll
0x00007ffc4c930000 - 0x00007ffc4c95a000 	C:\WINDOWS\SYSTEM32\WINMMBASE.dll
0x00007ffc4f570000 - 0x00007ffc4f5b9000 	C:\WINDOWS\System32\cfgmgr32.dll
0x00007ffc501e0000 - 0x00007ffc5024c000 	C:\WINDOWS\System32\WS2_32.dll
0x0000000069560000 - 0x000000006956f000 	C:\Program Files\Java\jdk1.8.0_111\jre\bin\verify.dll
0x00000000682f0000 - 0x0000000068319000 	C:\Program Files\Java\jdk1.8.0_111\jre\bin\java.dll
0x0000000067e30000 - 0x0000000067e53000 	C:\Program Files\Java\jdk1.8.0_111\jre\bin\instrument.dll
0x0000000069540000 - 0x0000000069556000 	C:\Program Files\Java\jdk1.8.0_111\jre\bin\zip.dll
0x00007ffc51420000 - 0x00007ffc52860000 	C:\WINDOWS\System32\SHELL32.dll
0x00007ffc50520000 - 0x00007ffc505c9000 	C:\WINDOWS\System32\shcore.dll
0x00007ffc4ede0000 - 0x00007ffc4f4ed000 	C:\WINDOWS\System32\windows.storage.dll
0x00007ffc52860000 - 0x00007ffc528b1000 	C:\WINDOWS\System32\shlwapi.dll
0x00007ffc4ec90000 - 0x00007ffc4eca1000 	C:\WINDOWS\System32\kernel.appcore.dll
0x00007ffc4ec10000 - 0x00007ffc4ec2f000 	C:\WINDOWS\System32\profapi.dll
0x00007ffc4ec30000 - 0x00007ffc4ec7c000 	C:\WINDOWS\System32\powrprof.dll
0x00007ffc4ec80000 - 0x00007ffc4ec8a000 	C:\WINDOWS\System32\FLTLIB.DLL
0x00007ffc412b0000 - 0x00007ffc412ca000 	D:\Program Files\JetBrains\IntelliJ IDEA 2018.3.3\bin\breakgen64.dll
0x00000000682d0000 - 0x00000000682ea000 	C:\Program Files\Java\jdk1.8.0_111\jre\bin\net.dll
0x00007ffc4e430000 - 0x00007ffc4e496000 	C:\WINDOWS\system32\mswsock.dll
0x00000000682a0000 - 0x00000000682ad000 	C:\Program Files\Java\jdk1.8.0_111\jre\bin\management.dll
0x00000000682b0000 - 0x00000000682c1000 	C:\Program Files\Java\jdk1.8.0_111\jre\bin\nio.dll
0x00007ffc4a0d0000 - 0x00007ffc4a0e6000 	C:\WINDOWS\system32\napinsp.dll
0x00007ffc43b00000 - 0x00007ffc43b1a000 	C:\WINDOWS\system32\pnrpnsp.dll
0x00007ffc4b450000 - 0x00007ffc4b469000 	C:\WINDOWS\system32\NLAapi.dll
0x00007ffc4e200000 - 0x00007ffc4e2be000 	C:\WINDOWS\SYSTEM32\DNSAPI.dll
0x00007ffc503e0000 - 0x00007ffc503e8000 	C:\WINDOWS\System32\NSI.dll
0x00007ffc4e1b0000 - 0x00007ffc4e1e8000 	C:\WINDOWS\SYSTEM32\IPHLPAPI.DLL
0x00007ffc47760000 - 0x00007ffc4776e000 	C:\WINDOWS\System32\winrnr.dll
0x00007ffc47240000 - 0x00007ffc47255000 	C:\WINDOWS\System32\wshbth.dll
0x00007ffc42440000 - 0x00007ffc4244a000 	C:\Windows\System32\rasadhlp.dll
0x00007ffc423c0000 - 0x00007ffc42432000 	C:\WINDOWS\System32\fwpuclnt.dll
0x00007ffc4e770000 - 0x00007ffc4e795000 	C:\WINDOWS\SYSTEM32\bcrypt.dll
0x00007ffc4e5e0000 - 0x00007ffc4e5f7000 	C:\WINDOWS\SYSTEM32\CRYPTSP.dll
0x00007ffc4e010000 - 0x00007ffc4e043000 	C:\WINDOWS\system32\rsaenh.dll
0x00007ffc4eb10000 - 0x00007ffc4eb38000 	C:\WINDOWS\SYSTEM32\USERENV.dll
0x00007ffc4e600000 - 0x00007ffc4e60b000 	C:\WINDOWS\SYSTEM32\CRYPTBASE.dll
0x00007ffc46950000 - 0x00007ffc46966000 	C:\WINDOWS\SYSTEM32\dhcpcsvc6.DLL
0x00007ffc46fb0000 - 0x00007ffc46fca000 	C:\WINDOWS\SYSTEM32\dhcpcsvc.DLL

VM Arguments:
jvm_args: -XX:TieredStopAtLevel=1 -Xverify:none -Dspring.output.ansi.enabled=always -Dcom.sun.management.jmxremote -Dcom.sun.management.jmxremote.port=53943 -Dcom.sun.management.jmxremote.authenticate=false -Dcom.sun.management.jmxremote.ssl=false -Djava.rmi.server.hostname=localhost -Dspring.liveBeansView.mbeanDomain -Dspring.application.admin.enabled=true -javaagent:D:\Program Files\JetBrains\IntelliJ IDEA 2018.3.3\lib\idea_rt.jar=53944:D:\Program Files\JetBrains\IntelliJ IDEA 2018.3.3\bin -Dfile.encoding=UTF-8 
java_command: com.aeropuerto.adminfull.AdminfullApplication
java_class_path (initial): C:\Program Files\Java\jdk1.8.0_111\jre\lib\charsets.jar;C:\Program Files\Java\jdk1.8.0_111\jre\lib\deploy.jar;C:\Program Files\Java\jdk1.8.0_111\jre\lib\ext\access-bridge-64.jar;C:\Program Files\Java\jdk1.8.0_111\jre\lib\ext\cldrdata.jar;C:\Program Files\Java\jdk1.8.0_111\jre\lib\ext\dnsns.jar;C:\Program Files\Java\jdk1.8.0_111\jre\lib\ext\jaccess.jar;C:\Program Files\Java\jdk1.8.0_111\jre\lib\ext\jfxrt.jar;C:\Program Files\Java\jdk1.8.0_111\jre\lib\ext\localedata.jar;C:\Program Files\Java\jdk1.8.0_111\jre\lib\ext\nashorn.jar;C:\Program Files\Java\jdk1.8.0_111\jre\lib\ext\sunec.jar;C:\Program Files\Java\jdk1.8.0_111\jre\lib\ext\sunjce_provider.jar;C:\Program Files\Java\jdk1.8.0_111\jre\lib\ext\sunmscapi.jar;C:\Program Files\Java\jdk1.8.0_111\jre\lib\ext\sunpkcs11.jar;C:\Program Files\Java\jdk1.8.0_111\jre\lib\ext\zipfs.jar;C:\Program Files\Java\jdk1.8.0_111\jre\lib\javaws.jar;C:\Program Files\Java\jdk1.8.0_111\jre\lib\jce.jar;C:\Program Files\Java\jdk1.8.0_111\jre\lib\jfr.jar;C:\Program Files\Java\jdk1.8.0_111\jre\lib\jfxswt.jar;C:\Program Files\Java\jdk1.8.0_111\jre\lib\jsse.jar;C:\Program Files\Java\jdk1.8.0_111\jre\lib\management-agent.jar;C:\Program Files\Java\jdk1.8.0_111\jre\lib\plugin.jar;C:\Program Files\Java\jdk1.8.0_111\jre\lib\resources.jar;C:\Program Files\Java\jdk1.8.0_111\jre\lib\rt.jar;D:\Archivos\GENERATION\Spring\demo\adminfull\target\classes;C:\Users\Administrador\.m2\repository\org\springframework\boot\spring-boot-starter-data-jpa\2.1.2.RELEASE\spring-boot-starter-data-jpa-2.1.2.RELEASE.jar;C:\Users\Administrador\.m2\repository\org\springframework\boot\spring-boot-starter-aop\2.1.2.RELEASE\spring-boot-starter-aop-2.1.2.RELEASE.jar;C:\Users\Administrador\.m2\repository\org\springframework\spring-aop\5.1.4.RELEASE\spring-aop-5.1.4.RELEASE.jar;C:\Users\Administrador\.m2\repository\org\aspectj\aspectjweaver\1.9.2\aspectjweaver-1.9.2.jar;C:\Users\Administrador\.m2\repository\org\springframework\boot\spring-boot-starter-jdbc
Launcher Type: SUN_STANDARD

Environment Variables:
JAVA_HOME=C:\Program Files\Java\jre1.8.0_111
PATH=C:\ProgramData\Oracle\Java\javapath;C:\WINDOWS\system32;C:\WINDOWS;C:\WINDOWS\System32\Wbem;C:\WINDOWS\System32\WindowsPowerShell\v1.0\;C:\WINDOWS\System32\OpenSSH\;C:\Program Files\dotnet\;C:\Program Files\Microsoft SQL Server\130\Tools\Binn\;D:\Archivos de programa\Git\cmd;D:\Archivos de programa\Git\mingw64\bin;D:\Archivos de programa\Git\usr\bin;C:\Program Files (x86)\Brackets\command;D:\apache-tomcat-9.0.13\bin;C:\Program Files (x86)\MySQL\MySQL Fabric 1.5.4 & MySQL Utilities 1.5.4 1.5\;C:\Program Files (x86)\MySQL\MySQL Fabric 1.5.4 & MySQL Utilities 1.5.4 1.5\Doctrine extensions for PHP\;C:\Program Files\nodejs\;C:\Users\Administrador\AppData\Local\Microsoft\WindowsApps;C:\Users\Administrador\AppData\Roaming\npm
USERNAME=Administrador
OS=Windows_NT
PROCESSOR_IDENTIFIER=AMD64 Family 21 Model 48 Stepping 1, AuthenticAMD



---------------  S Y S T E M  ---------------

OS: Windows 10.0 , 64 bit Build 17134 (10.0.17134.1)

CPU:total 4 (4 cores per cpu, 1 threads per core) family 21 model 48 stepping 1, cmov, cx8, fxsr, mmx, sse, sse2, sse3, ssse3, sse4.1, sse4.2, popcnt, avx, aes, clmul, mmxext, 3dnowpref, lzcnt, sse4a, tsc, tscinvbit, tscinv, bmi1

Memory: 4k page, physical 5171824k(636248k free), swap 5171824k(4100k free)

vm_info: Java HotSpot(TM) 64-Bit Server VM (25.111-b14) for windows-amd64 JRE (1.8.0_111-b14), built on Sep 22 2016 19:24:05 by "java_re" with MS VC++ 10.0 (VS2010)

time: Thu Jan 17 13:37:03 2019
elapsed time: 4 seconds (0d 0h 0m 4s)

